{
  "stats": {
    "suites": 2,
    "tests": 2,
    "passes": 2,
    "pending": 0,
    "failures": 0,
    "start": "2019-11-14T09:26:31.939Z",
    "end": "2019-11-14T09:26:32.163Z",
    "duration": 224,
    "testsRegistered": 2,
    "passPercent": 100,
    "pendingPercent": 0,
    "other": 0,
    "hasOther": false,
    "skipped": 0,
    "hasSkipped": false
  },
  "results": [
    {
      "uuid": "893fa77d-ab65-4cb3-a9b1-4cbb987dd215",
      "title": "",
      "fullFile": "",
      "file": "",
      "beforeHooks": [],
      "afterHooks": [],
      "tests": [],
      "suites": [
        {
          "uuid": "22e89e58-4e91-46e8-98b2-9be62a53e999",
          "title": "Test without DB ----- GET /info",
          "fullFile": "/Users/m/a/pasv-server-api-test/src/modules/user/_test/login.spec.js",
          "file": "/src/modules/user/_test/login.spec.js",
          "beforeHooks": [],
          "afterHooks": [],
          "tests": [
            {
              "title": "respond with json containing a list of all users",
              "fullTitle": "Test without DB ----- GET /info respond with json containing a list of all users",
              "timedOut": false,
              "duration": 21,
              "state": "passed",
              "speed": "fast",
              "pass": true,
              "fail": false,
              "pending": false,
              "context": null,
              "code": "// expect(1).eq(1);\n// done();\n(0, _supertest.default)(_index.default).get('/info').set('Accept', 'application/json').expect('Content-Type', /json/).expect(200, done);",
              "err": {},
              "uuid": "02c045aa-5365-49b2-b8e4-86d9c8f30436",
              "parentUUID": "22e89e58-4e91-46e8-98b2-9be62a53e999",
              "isHook": false,
              "skipped": false
            }
          ],
          "suites": [],
          "passes": [
            "02c045aa-5365-49b2-b8e4-86d9c8f30436"
          ],
          "failures": [],
          "pending": [],
          "skipped": [],
          "duration": 21,
          "root": false,
          "rootEmpty": false,
          "_timeout": 2000
        },
        {
          "uuid": "7716aaf8-4454-457c-ac78-7543eb576a59",
          "title": "Test with DB ------- User register",
          "fullFile": "/Users/m/a/pasv-server-api-test/src/modules/user/_test/login.spec.js",
          "file": "/src/modules/user/_test/login.spec.js",
          "beforeHooks": [],
          "afterHooks": [],
          "tests": [
            {
              "title": "respond with json containing a list of all users",
              "fullTitle": "Test with DB ------- User register respond with json containing a list of all users",
              "timedOut": false,
              "duration": 104,
              "state": "passed",
              "speed": "slow",
              "pass": true,
              "fail": false,
              "pending": false,
              "context": null,
              "code": "(0, _supertest.default)(_index.default).post('/user').send({\n  email: Math.random() + 's1@pasv.us',\n  password: '123123',\n  name: 'John Doe'\n}).set('Accept', 'application/json').expect('Content-Type', /json/).expect(200, done);",
              "err": {},
              "uuid": "f73710c4-9c2c-4aea-a4a4-9ff5dfdec902",
              "parentUUID": "7716aaf8-4454-457c-ac78-7543eb576a59",
              "isHook": false,
              "skipped": false
            }
          ],
          "suites": [],
          "passes": [
            "f73710c4-9c2c-4aea-a4a4-9ff5dfdec902"
          ],
          "failures": [],
          "pending": [],
          "skipped": [],
          "duration": 104,
          "root": false,
          "rootEmpty": false,
          "_timeout": 2000
        }
      ],
      "passes": [],
      "failures": [],
      "pending": [],
      "skipped": [],
      "duration": 0,
      "root": true,
      "rootEmpty": true,
      "_timeout": 2000
    }
  ],
  "meta": {
    "mocha": {
      "version": "6.2.2"
    },
    "mochawesome": {
      "options": {
        "quiet": false,
        "reportFilename": "mochawesome",
        "saveHtml": true,
        "saveJson": true,
        "consoleReporter": "spec",
        "useInlineDiffs": false
      },
      "version": "4.1.0"
    },
    "marge": {
      "options": null,
      "version": "4.0.1"
    }
  }
}